<?xml version="1.0" encoding="UTF-8"?>
<testng-results ignored="0" total="1" passed="1" failed="0" skipped="0">
  <reporter-output>
  </reporter-output>
  <suite started-at="2023-11-10T11:34:37 UTC" name="Default suite" finished-at="2023-11-10T11:35:21 UTC" duration-ms="44034">
    <groups>
    </groups>
    <test started-at="2023-11-10T11:34:37 UTC" name="Default test" finished-at="2023-11-10T11:35:21 UTC" duration-ms="44034">
      <class name="Test.FullWebsiteTest">
        <test-method is-config="true" signature="setup()[pri:0, instance:Test.FullWebsiteTest@27462a88]" started-at="2023-11-10T11:34:37 UTC" name="setup" finished-at="2023-11-10T11:34:41 UTC" duration-ms="3699" status="PASS">
          <reporter-output>
          </reporter-output>
        </test-method> <!-- setup -->
        <test-method signature="addToCartTest()[pri:0, instance:Test.FullWebsiteTest@27462a88]" started-at="2023-11-10T11:34:41 UTC" name="addToCartTest" finished-at="2023-11-10T11:35:21 UTC" duration-ms="40280" status="PASS">
          <reporter-output>
          </reporter-output>
        </test-method> <!-- addToCartTest -->
      </class> <!-- Test.FullWebsiteTest -->
    </test> <!-- Default test -->
  </suite> <!-- Default suite -->
</testng-results>
